Using pre-set license
Built from '2020.3/staging' branch; Version is '2020.3.3f1 (76626098c1c4) revision 7758432'; Using compiler version '192528614'; Build Type 'Release'
OS: 'Windows 10 Pro; OS build 19042.1415; Version 2009; 64bit' Language: 'ru' Physical Memory: 3986 MB
BatchMode: 1, IsHumanControllingUs: 0, StartBugReporterOnCrash: 0, Is64bit: 1, IsPro: 0

 COMMAND LINE ARGUMENTS:
D:\Unity\2020.3.3f1\Editor\Unity.exe
-adb2
-batchMode
-noUpm
-name
AssetImportWorker14
-projectPath
D:/Projects/3drepo4unity-master/Veza
-logFile
Logs/AssetImportWorker14.log
-srvPort
57398
Successfully changed project path to: D:/Projects/3drepo4unity-master/Veza
D:/Projects/3drepo4unity-master/Veza
Using Asset Import Pipeline V2.
Refreshing native plugins compatible for Editor in 439.67 ms, found 1 plugins.
Preloading 0 native plugins for Editor in 0.00 ms.
Initialize engine version: 2020.3.3f1 (76626098c1c4)
[Subsystems] Discovering subsystems at path D:/Unity/2020.3.3f1/Editor/Data/Resources/UnitySubsystems
[Subsystems] Discovering subsystems at path D:/Projects/3drepo4unity-master/Veza/Assets
GfxDevice: creating device client; threaded=0
Direct3D:
    Version:  Direct3D 11.0 [level 11.0]
    Renderer: NVIDIA GeForce GT 630M (ID=0xde9)
    Vendor:   
    VRAM:     979 MB
    Driver:   22.21.13.8205
Initialize mono
Mono path[0] = 'D:/Unity/2020.3.3f1/Editor/Data/Managed'
Mono path[1] = 'D:/Unity/2020.3.3f1/Editor/Data/MonoBleedingEdge/lib/mono/unityjit'
Mono config path = 'D:/Unity/2020.3.3f1/Editor/Data/MonoBleedingEdge/etc'
Using monoOptions --debugger-agent=transport=dt_socket,embedding=1,server=y,suspend=n,address=127.0.0.1:56372
Begin MonoManager ReloadAssembly
Registering precompiled unity dll's ...
Register platform support module: D:/Unity/2020.3.3f1/Editor/Data/PlaybackEngines/WebGLSupport/UnityEditor.WebGL.Extensions.dll
Register platform support module: D:/Unity/2020.3.3f1/Editor/Data/PlaybackEngines/WindowsStandaloneSupport/UnityEditor.WindowsStandalone.Extensions.dll
Registered in 0.002523 seconds.
Native extension for WindowsStandalone target not found
Native extension for WebGL target not found
Refreshing native plugins compatible for Editor in 102.79 ms, found 1 plugins.
Preloading 0 native plugins for Editor in 0.00 ms.
Invoked RoslynAnalysisRunner static constructor.
RoslynAnalysisRunner will not be running.
RoslynAnalysisRunner has terminated.
Mono: successfully reloaded assembly
- Completed reload, in  3.639 seconds
Platform modules already initialized, skipping
Registering precompiled user dll's ...
Registered in 0.020109 seconds.
Begin MonoManager ReloadAssembly
[2021/12/20 16:19:04] 
[2021/12/20 16:19:04] executing command io.getImportFormats
                                                         [2021/12/20 16:19:04] Command execution time : 0.088 s
Exception: Product not initialized
  at (wrapper managed-to-native) System.MonoCustomAttrs.GetCustomAttributesInternal(System.Reflection.ICustomAttributeProvider,System.Type,bool)
  at System.MonoCustomAttrs.GetCustomAttributesBase (System.Reflection.ICustomAttributeProvider obj, System.Type attributeType, System.Boolean inheritedOnly) [0x00013] in <eae584ce26bc40229c1b1aa476bfa589>:0 
  at System.MonoCustomAttrs.GetCustomAttributes (System.Reflection.ICustomAttributeProvider obj, System.Type attributeType, System.Boolean inherit) [0x00037] in <eae584ce26bc40229c1b1aa476bfa589>:0 
  at System.RuntimeType.GetCustomAttributes (System.Type attributeType, System.Boolean inherit) [0x00038] in <eae584ce26bc40229c1b1aa476bfa589>:0 
  at System.Attribute.GetCustomAttributes (System.Reflection.MemberInfo element, System.Type type, System.Boolean inherit) [0x00088] in <eae584ce26bc40229c1b1aa476bfa589>:0 
  at System.Attribute.GetCustomAttribute (System.Reflection.MemberInfo element, System.Type attributeType, System.Boolean inherit) [0x00000] in <eae584ce26bc40229c1b1aa476bfa589>:0 
  at System.Attribute.GetCustomAttribute (System.Reflection.MemberInfo element, System.Type attributeType) [0x00000] in <eae584ce26bc40229c1b1aa476bfa589>:0 
  at UnityEditor.AssetImporters.ScriptedImporter.RegisterScriptedImporters () [0x00018] in <c9b5231e365148a4bc210cc4e439206d>:0 

Native extension for WindowsStandalone target not found
Native extension for WebGL target not found
Refreshing native plugins compatible for Editor in 133.27 ms, found 1 plugins.
Preloading 0 native plugins for Editor in 0.00 ms.
Invoked RoslynAnalysisRunner static constructor.
RoslynAnalysisRunner will not be running.
RoslynAnalysisRunner has terminated.
Mono: successfully reloaded assembly
- Completed reload, in 11.448 seconds
Platform modules already initialized, skipping
========================================================================
Worker process is ready to serve import requests
Launched and connected shader compiler UnityShaderCompiler.exe after 0.57 seconds
Refreshing native plugins compatible for Editor in 6.73 ms, found 1 plugins.
Preloading 0 native plugins for Editor in 0.00 ms.
Unloading 1830 Unused Serialized files (Serialized files now loaded: 0)
System memory in use before: 82.1 MB.
System memory in use after: 82.2 MB.

Unloading 184 unused Assets to reduce memory usage. Loaded Objects now: 2100.
Total: 1215.765300 ms (FindLiveObjects: 0.518000 ms CreateObjectMapping: 0.465300 ms MarkObjects: 1180.364400 ms  DeleteObjects: 34.411600 ms)

========================================================================
Received Import Request.
  path: Assets/Scripts/ProgrammManager.cs
  artifactKey: Guid(f0bd3b22eba73a4408be58a77a96aeb9) Importer(815301076,1909f56bfc062723c751e8b465ee728b)
Start importing Assets/Scripts/ProgrammManager.cs using Guid(f0bd3b22eba73a4408be58a77a96aeb9) Importer(815301076,1909f56bfc062723c751e8b465ee728b)  -> (artifact id: '60b8490d18b38dc6463dd8c29c77882e') in 1.653370 seconds
  Import took 2.103361 seconds .

========================================================================
Received Prepare
Registering precompiled user dll's ...
Registered in 7.620017 seconds.
Begin MonoManager ReloadAssembly

[2021/12/20 16:28:20] executing command io.getImportFormats
[2021/12/20 16:28:20] Command execution time : 0.001 s
Exception: Product not initialized
  at (wrapper managed-to-native) System.MonoCustomAttrs.GetCustomAttributesInternal(System.Reflection.ICustomAttributeProvider,System.Type,bool)
  at System.MonoCustomAttrs.GetCustomAttributesBase (System.Reflection.ICustomAttributeProvider obj, System.Type attributeType, System.Boolean inheritedOnly) [0x00013] in <eae584ce26bc40229c1b1aa476bfa589>:0 
  at System.MonoCustomAttrs.GetCustomAttributes (System.Reflection.ICustomAttributeProvider obj, System.Type attributeType, System.Boolean inherit) [0x00037] in <eae584ce26bc40229c1b1aa476bfa589>:0 
  at System.RuntimeType.GetCustomAttributes (System.Type attributeType, System.Boolean inherit) [0x00038] in <eae584ce26bc40229c1b1aa476bfa589>:0 
  at System.Attribute.GetCustomAttributes (System.Reflection.MemberInfo element, System.Type type, System.Boolean inherit) [0x00088] in <eae584ce26bc40229c1b1aa476bfa589>:0 
  at System.Attribute.GetCustomAttribute (System.Reflection.MemberInfo element, System.Type attributeType, System.Boolean inherit) [0x00000] in <eae584ce26bc40229c1b1aa476bfa589>:0 
  at System.Attribute.GetCustomAttribute (System.Reflection.MemberInfo element, System.Type attributeType) [0x00000] in <eae584ce26bc40229c1b1aa476bfa589>:0 
  at UnityEditor.AssetImporters.ScriptedImporter.RegisterScriptedImporters () [0x00018] in <c9b5231e365148a4bc210cc4e439206d>:0 

Native extension for WindowsStandalone target not found
Native extension for WebGL target not found
Refreshing native plugins compatible for Editor in 5.63 ms, found 1 plugins.
Preloading 0 native plugins for Editor in 0.00 ms.
Invoked RoslynAnalysisRunner static constructor.
RoslynAnalysisRunner will not be running.
RoslynAnalysisRunner has terminated.
Mono: successfully reloaded assembly
- Completed reload, in 13.893 seconds
Platform modules already initialized, skipping
Switching build target platform(5) subTarget(0) extendedPlatform(0) -> platform(13) subTarget(524288) extendedPlatform(0)
Refreshing native plugins compatible for Editor in 8.96 ms, found 1 plugins.
Preloading 0 native plugins for Editor in 0.00 ms.
Unloading 1815 Unused Serialized files (Serialized files now loaded: 0)
System memory in use before: 81.0 MB.
System memory in use after: 81.0 MB.

Unloading 179 unused Assets to reduce memory usage. Loaded Objects now: 2104.
Total: 2682.034500 ms (FindLiveObjects: 24.220900 ms CreateObjectMapping: 0.507800 ms MarkObjects: 2634.084400 ms  DeleteObjects: 23.215000 ms)

AssetImportParameters requested are different than current active one (requested -> active):
  custom:graphics/normal-map-encoding: 01000000000000000000000000000000 -> 02000000000000000000000000000000
========================================================================
Received Import Request.
  Time since last request: 574.971093 seconds.
  path: Assets/Scripts/ProgrammManager.cs
  artifactKey: Guid(f0bd3b22eba73a4408be58a77a96aeb9) Importer(815301076,1909f56bfc062723c751e8b465ee728b)
Start importing Assets/Scripts/ProgrammManager.cs using Guid(f0bd3b22eba73a4408be58a77a96aeb9) Importer(815301076,1909f56bfc062723c751e8b465ee728b)  -> (artifact id: 'f2c3f7d22e0051e11445206c29ae2c66') in 0.443579 seconds
  Import took 0.584608 seconds .

========================================================================
Received Import Request.
  Time since last request: 129.970553 seconds.
  path: Assets
  artifactKey: Guid(00000000000000001000000000000000) Importer(815301076,1909f56bfc062723c751e8b465ee728b)
Start importing Assets using Guid(00000000000000001000000000000000) Importer(815301076,1909f56bfc062723c751e8b465ee728b)  -> (artifact id: 'b2e0e235c0f4af3754229b664788db90') in 0.603553 seconds
  Import took 0.869294 seconds .

========================================================================
Received Import Request.
  Time since last request: 7.326365 seconds.
  path: Assets/Media
  artifactKey: Guid(e02004cdb45d0d5488c2e89b8f436504) Importer(815301076,1909f56bfc062723c751e8b465ee728b)
Start importing Assets/Media using Guid(e02004cdb45d0d5488c2e89b8f436504) Importer(815301076,1909f56bfc062723c751e8b465ee728b)  -> (artifact id: '90bc0fdfe130d65051c7fe450b42df5b') in 0.154513 seconds
  Import took 0.208070 seconds .

========================================================================
Received Import Request.
  Time since last request: 225.960261 seconds.
  path: Assets/Material
  artifactKey: Guid(1fdb6388a88c4c0429383bb338192299) Importer(815301076,1909f56bfc062723c751e8b465ee728b)
Start importing Assets/Material using Guid(1fdb6388a88c4c0429383bb338192299) Importer(815301076,1909f56bfc062723c751e8b465ee728b)  -> (artifact id: '24a0cb0f9dd4793450c83f3f09bea3cb') in 0.144592 seconds
  Import took 0.199381 seconds .

========================================================================
Received Import Request.
  Time since last request: 16.233919 seconds.
  path: Assets/Material/Material.mat
  artifactKey: Guid(9ef8b7361a9eedd48972c840e0cd1688) Importer(815301076,1909f56bfc062723c751e8b465ee728b)
Start importing Assets/Material/Material.mat using Guid(9ef8b7361a9eedd48972c840e0cd1688) Importer(815301076,1909f56bfc062723c751e8b465ee728b)  -> (artifact id: '3486a16367b20ce0cf2d449a804059a5') in 7.836775 seconds
  Import took 7.885009 seconds .

========================================================================
Received Import Request.
  Time since last request: 0.014393 seconds.
  path: Assets/Material/Material.mat
  artifactKey: Guid(9ef8b7361a9eedd48972c840e0cd1688) Importer(815301076,1909f56bfc062723c751e8b465ee728b)
Start importing Assets/Material/Material.mat using Guid(9ef8b7361a9eedd48972c840e0cd1688) Importer(815301076,1909f56bfc062723c751e8b465ee728b)  -> (artifact id: '3486a16367b20ce0cf2d449a804059a5') in 0.030814 seconds
  Import took 0.130595 seconds .

========================================================================
Received Import Request.
  Time since last request: 42.208501 seconds.
  path: Assets/Plugins/PixyzPluginForUnity/Editor/Toolbox/Resources/CategoryContentBg.png
  artifactKey: Guid(19e4a58c8f38e9b43acf452348e57f0d) Importer(815301076,1909f56bfc062723c751e8b465ee728b)
Start importing Assets/Plugins/PixyzPluginForUnity/Editor/Toolbox/Resources/CategoryContentBg.png using Guid(19e4a58c8f38e9b43acf452348e57f0d) Importer(815301076,1909f56bfc062723c751e8b465ee728b)  -> (artifact id: 'a08a63a717838b58890bc863c5a1f69f') in 1.294558 seconds
  Import took 1.324586 seconds .

========================================================================
Received Import Request.
  Time since last request: 0.000870 seconds.
  path: Assets/Plugins/PixyzPluginForUnity/Editor/ImportSDK/Resources/CategoryContentBg.png
  artifactKey: Guid(d381de5a708a87440b395f3575566fc7) Importer(815301076,1909f56bfc062723c751e8b465ee728b)
Start importing Assets/Plugins/PixyzPluginForUnity/Editor/ImportSDK/Resources/CategoryContentBg.png using Guid(d381de5a708a87440b395f3575566fc7) Importer(815301076,1909f56bfc062723c751e8b465ee728b)  -> (artifact id: '7e556831e172e8cd769faa86143363cf') in 0.275418 seconds
  Import took 0.385995 seconds .

========================================================================
Received Import Request.
  Time since last request: 0.001046 seconds.
  path: Assets/Plugins/PixyzPluginForUnity/Editor/Bin/3DH3P/resource/Font/CourierStd-BoldOblique.otf
  artifactKey: Guid(2c09c547fe7a9a5459ccd6967296678d) Importer(815301076,1909f56bfc062723c751e8b465ee728b)
Start importing Assets/Plugins/PixyzPluginForUnity/Editor/Bin/3DH3P/resource/Font/CourierStd-BoldOblique.otf using Guid(2c09c547fe7a9a5459ccd6967296678d) Importer(815301076,1909f56bfc062723c751e8b465ee728b)  -> (artifact id: '8af90b6a9091fafd7df68cec6510ea72') in 0.518018 seconds
  Import took 0.576178 seconds .

========================================================================
Received Import Request.
  Time since last request: 0.000921 seconds.
  path: Assets/Plugins/PixyzPluginForUnity/Editor/Toolbox/Resources/CategoryHeader.png
  artifactKey: Guid(5b01b2a2df56cdc499745a38619e2246) Importer(815301076,1909f56bfc062723c751e8b465ee728b)
Start importing Assets/Plugins/PixyzPluginForUnity/Editor/Toolbox/Resources/CategoryHeader.png using Guid(5b01b2a2df56cdc499745a38619e2246) Importer(815301076,1909f56bfc062723c751e8b465ee728b)  -> (artifact id: 'fec50fb9c282d78e75ca0638180d959c') in 0.281668 seconds
  Import took 0.295306 seconds .

========================================================================
Received Import Request.
  Time since last request: 0.001042 seconds.
  path: Assets/Plugins/PixyzPluginForUnity/Editor/Toolbox/Resources/DragDropReplace.png
  artifactKey: Guid(1a7a2b86f9fbd0b428ac5b524e93a987) Importer(815301076,1909f56bfc062723c751e8b465ee728b)
Start importing Assets/Plugins/PixyzPluginForUnity/Editor/Toolbox/Resources/DragDropReplace.png using Guid(1a7a2b86f9fbd0b428ac5b524e93a987) Importer(815301076,1909f56bfc062723c751e8b465ee728b)  -> (artifact id: '5b638477ab33763781138101fe3d6643') in 0.220973 seconds
  Import took 0.272264 seconds .

========================================================================
Received Import Request.
  Time since last request: 0.000893 seconds.
  path: Assets/Plugins/PixyzPluginForUnity/Editor/ImportSDK/Resources/CategoryHeader.png
  artifactKey: Guid(a6cadda7e84a11e4b882bd25d3f67cc8) Importer(815301076,1909f56bfc062723c751e8b465ee728b)
Start importing Assets/Plugins/PixyzPluginForUnity/Editor/ImportSDK/Resources/CategoryHeader.png using Guid(a6cadda7e84a11e4b882bd25d3f67cc8) Importer(815301076,1909f56bfc062723c751e8b465ee728b)  -> (artifact id: '595929419eb57c8f1d83ac89628eb6ae') in 0.104140 seconds
  Import took 0.147951 seconds .

========================================================================
Received Import Request.
  Time since last request: 0.000392 seconds.
  path: Assets/Plugins/PixyzPluginForUnity/Editor/Commons/Resources/checker.jpg
  artifactKey: Guid(ad7eb48da9696ba48a78864027550340) Importer(815301076,1909f56bfc062723c751e8b465ee728b)
Start importing Assets/Plugins/PixyzPluginForUnity/Editor/Commons/Resources/checker.jpg using Guid(ad7eb48da9696ba48a78864027550340) Importer(815301076,1909f56bfc062723c751e8b465ee728b)  -> (artifact id: '12af940211314b3d208a43855f173120') in 0.843491 seconds
  Import took 0.958532 seconds .

========================================================================
Received Import Request.
  Time since last request: 0.000910 seconds.
  path: Assets/Plugins/PixyzPluginForUnity/Editor/ImportSDK/Resources/DragDropReplace.png
  artifactKey: Guid(c5c68d60acbfc4e428d29fd6aa80d0de) Importer(815301076,1909f56bfc062723c751e8b465ee728b)
Start importing Assets/Plugins/PixyzPluginForUnity/Editor/ImportSDK/Resources/DragDropReplace.png using Guid(c5c68d60acbfc4e428d29fd6aa80d0de) Importer(815301076,1909f56bfc062723c751e8b465ee728b)  -> (artifact id: '100c9b23bf778f67b71eedce1210bf86') in 0.255011 seconds
  Import took 0.283533 seconds .

========================================================================
Received Import Request.
  Time since last request: 2.906386 seconds.
  path: Assets/Media/PlaneMarker.png
  artifactKey: Guid(203f74737f6b04e4da35c591887afb79) Importer(815301076,1909f56bfc062723c751e8b465ee728b)
Start importing Assets/Media/PlaneMarker.png using Guid(203f74737f6b04e4da35c591887afb79) Importer(815301076,1909f56bfc062723c751e8b465ee728b)  -> (artifact id: 'cbbafc9445e5f15c111b6ef4ffa68b8a') in 0.826149 seconds
  Import took 0.868216 seconds .

========================================================================
Received Prepare
Registering precompiled user dll's ...
Registered in 4.081370 seconds.
Begin MonoManager ReloadAssembly

[2021/12/20 16:45:56] executing command io.getImportFormats
[2021/12/20 16:45:56] Command execution time : 0.000 s
Exception: Product not initialized
  at (wrapper managed-to-native) System.MonoCustomAttrs.GetCustomAttributesInternal(System.Reflection.ICustomAttributeProvider,System.Type,bool)
  at System.MonoCustomAttrs.GetCustomAttributesBase (System.Reflection.ICustomAttributeProvider obj, System.Type attributeType, System.Boolean inheritedOnly) [0x00013] in <eae584ce26bc40229c1b1aa476bfa589>:0 
  at System.MonoCustomAttrs.GetCustomAttributes (System.Reflection.ICustomAttributeProvider obj, System.Type attributeType, System.Boolean inherit) [0x00037] in <eae584ce26bc40229c1b1aa476bfa589>:0 
  at System.RuntimeType.GetCustomAttributes (System.Type attributeType, System.Boolean inherit) [0x00038] in <eae584ce26bc40229c1b1aa476bfa589>:0 
  at System.Attribute.GetCustomAttributes (System.Reflection.MemberInfo element, System.Type type, System.Boolean inherit) [0x00088] in <eae584ce26bc40229c1b1aa476bfa589>:0 
  at System.Attribute.GetCustomAttribute (System.Reflection.MemberInfo element, System.Type attributeType, System.Boolean inherit) [0x00000] in <eae584ce26bc40229c1b1aa476bfa589>:0 
  at System.Attribute.GetCustomAttribute (System.Reflection.MemberInfo element, System.Type attributeType) [0x00000] in <eae584ce26bc40229c1b1aa476bfa589>:0 
  at UnityEditor.AssetImporters.ScriptedImporter.RegisterScriptedImporters () [0x00018] in <c9b5231e365148a4bc210cc4e439206d>:0 

Native extension for WindowsStandalone target not found
Native extension for WebGL target not found
Refreshing native plugins compatible for Editor in 4.47 ms, found 1 plugins.
Preloading 0 native plugins for Editor in 0.00 ms.
Invoked RoslynAnalysisRunner static constructor.
RoslynAnalysisRunner will not be running.
RoslynAnalysisRunner has terminated.
Mono: successfully reloaded assembly
- Completed reload, in 18.296 seconds
Platform modules already initialized, skipping
Switching build target platform(5) subTarget(0) extendedPlatform(0) -> platform(13) subTarget(524288) extendedPlatform(0)
Refreshing native plugins compatible for Editor in 8.95 ms, found 1 plugins.
Preloading 0 native plugins for Editor in 0.00 ms.
Unloading 1815 Unused Serialized files (Serialized files now loaded: 0)
System memory in use before: 84.3 MB.
System memory in use after: 84.4 MB.

Unloading 179 unused Assets to reduce memory usage. Loaded Objects now: 2155.
Total: 41.198800 ms (FindLiveObjects: 0.473500 ms CreateObjectMapping: 0.245100 ms MarkObjects: 39.952500 ms  DeleteObjects: 0.522000 ms)

AssetImportParameters requested are different than current active one (requested -> active):
  custom:graphics/normal-map-encoding: 01000000000000000000000000000000 -> 02000000000000000000000000000000
========================================================================
Received Import Request.
  Time since last request: 609.561820 seconds.
  path: Assets/ВЕРОСА-605-034-У1.prefab
  artifactKey: Guid(a2ee88b024716424a87feaf3414bc2c7) Importer(815301076,1909f56bfc062723c751e8b465ee728b)
Start importing Assets/ВЕРОСА-605-034-У1.prefab using Guid(a2ee88b024716424a87feaf3414bc2c7) Importer(815301076,1909f56bfc062723c751e8b465ee728b)  -> (artifact id: '21b89ce87c2a7f5d2c73773fc3a98ef5') in 7.810302 seconds
  Import took 8.149875 seconds .

========================================================================
Received Import Request.
  Time since last request: 49.385587 seconds.
  path: Assets/ВЕРОСА-605-034-У1.prefab
  artifactKey: Guid(a2ee88b024716424a87feaf3414bc2c7) Importer(815301076,1909f56bfc062723c751e8b465ee728b)
Start importing Assets/ВЕРОСА-605-034-У1.prefab using Guid(a2ee88b024716424a87feaf3414bc2c7) Importer(815301076,1909f56bfc062723c751e8b465ee728b)  -> (artifact id: '582e84a064c760b7166c4f334a76498b') in 6.411764 seconds
  Import took 6.527197 seconds .

========================================================================
Received Import Request.
  Time since last request: 19.602272 seconds.
  path: Assets/ВЕРОСА-605-034-У1.prefab
  artifactKey: Guid(a2ee88b024716424a87feaf3414bc2c7) Importer(815301076,1909f56bfc062723c751e8b465ee728b)
Start importing Assets/ВЕРОСА-605-034-У1.prefab using Guid(a2ee88b024716424a87feaf3414bc2c7) Importer(815301076,1909f56bfc062723c751e8b465ee728b)  -> (artifact id: '47588c1e32891457f9a9409f36639a93') in 7.235079 seconds
  Import took 7.366604 seconds .

========================================================================
Received Prepare
Refreshing native plugins compatible for Editor in 16865.76 ms, found 1 plugins.
Preloading 0 native plugins for Editor in 0.00 ms.
Unloading 176 Unused Serialized files (Serialized files now loaded: 0)
System memory in use before: 61.9 MB.
System memory in use after: 62.0 MB.

Unloading 176 unused Assets to reduce memory usage. Loaded Objects now: 2159.
Total: 4791.630500 ms (FindLiveObjects: 2.009800 ms CreateObjectMapping: 0.291700 ms MarkObjects: 4738.719000 ms  DeleteObjects: 50.586500 ms)

========================================================================
Received Prepare
Registering precompiled user dll's ...
Registered in 8.346324 seconds.
Begin MonoManager ReloadAssembly

[2021/12/20 17:17:33] executing command io.getImportFormats
[2021/12/20 17:17:33] Command execution time : 0.031 s
Exception: Product not initialized
  at (wrapper managed-to-native) System.MonoCustomAttrs.GetCustomAttributesInternal(System.Reflection.ICustomAttributeProvider,System.Type,bool)
  at System.MonoCustomAttrs.GetCustomAttributesBase (System.Reflection.ICustomAttributeProvider obj, System.Type attributeType, System.Boolean inheritedOnly) [0x00013] in <eae584ce26bc40229c1b1aa476bfa589>:0 
  at System.MonoCustomAttrs.GetCustomAttributes (System.Reflection.ICustomAttributeProvider obj, System.Type attributeType, System.Boolean inherit) [0x00037] in <eae584ce26bc40229c1b1aa476bfa589>:0 
  at System.RuntimeType.GetCustomAttributes (System.Type attributeType, System.Boolean inherit) [0x00038] in <eae584ce26bc40229c1b1aa476bfa589>:0 
  at System.Attribute.GetCustomAttributes (System.Reflection.MemberInfo element, System.Type type, System.Boolean inherit) [0x00088] in <eae584ce26bc40229c1b1aa476bfa589>:0 
  at System.Attribute.GetCustomAttribute (System.Reflection.MemberInfo element, System.Type attributeType, System.Boolean inherit) [0x00000] in <eae584ce26bc40229c1b1aa476bfa589>:0 
  at System.Attribute.GetCustomAttribute (System.Reflection.MemberInfo element, System.Type attributeType) [0x00000] in <eae584ce26bc40229c1b1aa476bfa589>:0 
  at UnityEditor.AssetImporters.ScriptedImporter.RegisterScriptedImporters () [0x00018] in <c9b5231e365148a4bc210cc4e439206d>:0 

Native extension for WindowsStandalone target not found
Native extension for WebGL target not found
Refreshing native plugins compatible for Editor in 30.69 ms, found 1 plugins.
Preloading 0 native plugins for Editor in 0.00 ms.
Invoked RoslynAnalysisRunner static constructor.
RoslynAnalysisRunner will not be running.
RoslynAnalysisRunner has terminated.
Mono: successfully reloaded assembly
- Completed reload, in 46.151 seconds
Platform modules already initialized, skipping
Switching build target platform(5) subTarget(0) extendedPlatform(0) -> platform(13) subTarget(524288) extendedPlatform(0)
Refreshing native plugins compatible for Editor in 8.66 ms, found 1 plugins.
Preloading 0 native plugins for Editor in 0.00 ms.
Unloading 1815 Unused Serialized files (Serialized files now loaded: 0)
System memory in use before: 94.2 MB.
System memory in use after: 94.3 MB.

Unloading 179 unused Assets to reduce memory usage. Loaded Objects now: 2163.
Total: 324.500500 ms (FindLiveObjects: 0.731700 ms CreateObjectMapping: 0.287900 ms MarkObjects: 204.751900 ms  DeleteObjects: 118.721000 ms)

AssetImportParameters requested are different than current active one (requested -> active):
  custom:graphics/normal-map-encoding: 01000000000000000000000000000000 -> 02000000000000000000000000000000
========================================================================
Received Import Request.
  Time since last request: 2951.496899 seconds.
  path: ProjectSettings/TagManager.asset
  artifactKey: Guid(00000000000000003000000000000000) Importer(815301076,1909f56bfc062723c751e8b465ee728b)
Start importing ProjectSettings/TagManager.asset using Guid(00000000000000003000000000000000) Importer(815301076,1909f56bfc062723c751e8b465ee728b)  -> (artifact id: '9274ce4079a5137dd04f6e6c4d809583') in 24.439722 seconds
  Import took 25.250793 seconds .

