Using pre-set license
Built from '2020.3/staging' branch; Version is '2020.3.3f1 (76626098c1c4) revision 7758432'; Using compiler version '192528614'; Build Type 'Release'
OS: 'Windows 10 Pro; OS build 19042.1415; Version 2009; 64bit' Language: 'ru' Physical Memory: 3986 MB
BatchMode: 1, IsHumanControllingUs: 0, StartBugReporterOnCrash: 0, Is64bit: 1, IsPro: 0

 COMMAND LINE ARGUMENTS:
D:\Unity\2020.3.3f1\Editor\Unity.exe
-adb2
-batchMode
-noUpm
-name
AssetImportWorker0
-projectPath
D:/Projects/3drepo4unity-master/Veza
-logFile
Logs/AssetImportWorker0.log
-srvPort
49241
Successfully changed project path to: D:/Projects/3drepo4unity-master/Veza
D:/Projects/3drepo4unity-master/Veza
Using Asset Import Pipeline V2.
Refreshing native plugins compatible for Editor in 164.07 ms, found 1 plugins.
Preloading 0 native plugins for Editor in 0.00 ms.
Initialize engine version: 2020.3.3f1 (76626098c1c4)
[Subsystems] Discovering subsystems at path D:/Unity/2020.3.3f1/Editor/Data/Resources/UnitySubsystems
[Subsystems] Discovering subsystems at path D:/Projects/3drepo4unity-master/Veza/Assets
GfxDevice: creating device client; threaded=0
Direct3D:
    Version:  Direct3D 11.0 [level 11.0]
    Renderer: NVIDIA GeForce GT 630M (ID=0xde9)
    Vendor:   
    VRAM:     979 MB
    Driver:   22.21.13.8205
Initialize mono
Mono path[0] = 'D:/Unity/2020.3.3f1/Editor/Data/Managed'
Mono path[1] = 'D:/Unity/2020.3.3f1/Editor/Data/MonoBleedingEdge/lib/mono/unityjit'
Mono config path = 'D:/Unity/2020.3.3f1/Editor/Data/MonoBleedingEdge/etc'
Using monoOptions --debugger-agent=transport=dt_socket,embedding=1,server=y,suspend=n,address=127.0.0.1:56912
Begin MonoManager ReloadAssembly
Registering precompiled unity dll's ...
Register platform support module: D:/Unity/2020.3.3f1/Editor/Data/PlaybackEngines/WebGLSupport/UnityEditor.WebGL.Extensions.dll
Register platform support module: D:/Unity/2020.3.3f1/Editor/Data/PlaybackEngines/WindowsStandaloneSupport/UnityEditor.WindowsStandalone.Extensions.dll
Registered in 0.002535 seconds.
Native extension for WindowsStandalone target not found
Native extension for WebGL target not found
Refreshing native plugins compatible for Editor in 94.70 ms, found 1 plugins.
Preloading 0 native plugins for Editor in 0.00 ms.
Invoked RoslynAnalysisRunner static constructor.
RoslynAnalysisRunner will not be running.
RoslynAnalysisRunner has terminated.
Mono: successfully reloaded assembly
- Completed reload, in  3.240 seconds
Platform modules already initialized, skipping
Registering precompiled user dll's ...
Registered in 0.020662 seconds.
Begin MonoManager ReloadAssembly
[2021/12/20 12:37:11] 
[2021/12/20 12:37:11] executing command io.getImportFormats
                                                         [2021/12/20 12:37:11] Command execution time : 0.000 s
Exception: Product not initialized
  at (wrapper managed-to-native) System.MonoCustomAttrs.GetCustomAttributesInternal(System.Reflection.ICustomAttributeProvider,System.Type,bool)
  at System.MonoCustomAttrs.GetCustomAttributesBase (System.Reflection.ICustomAttributeProvider obj, System.Type attributeType, System.Boolean inheritedOnly) [0x00013] in <eae584ce26bc40229c1b1aa476bfa589>:0 
  at System.MonoCustomAttrs.GetCustomAttributes (System.Reflection.ICustomAttributeProvider obj, System.Type attributeType, System.Boolean inherit) [0x00037] in <eae584ce26bc40229c1b1aa476bfa589>:0 
  at System.RuntimeType.GetCustomAttributes (System.Type attributeType, System.Boolean inherit) [0x00038] in <eae584ce26bc40229c1b1aa476bfa589>:0 
  at System.Attribute.GetCustomAttributes (System.Reflection.MemberInfo element, System.Type type, System.Boolean inherit) [0x00088] in <eae584ce26bc40229c1b1aa476bfa589>:0 
  at System.Attribute.GetCustomAttribute (System.Reflection.MemberInfo element, System.Type attributeType, System.Boolean inherit) [0x00000] in <eae584ce26bc40229c1b1aa476bfa589>:0 
  at System.Attribute.GetCustomAttribute (System.Reflection.MemberInfo element, System.Type attributeType) [0x00000] in <eae584ce26bc40229c1b1aa476bfa589>:0 
  at UnityEditor.AssetImporters.ScriptedImporter.RegisterScriptedImporters () [0x00018] in <c9b5231e365148a4bc210cc4e439206d>:0 

Native extension for WindowsStandalone target not found
Native extension for WebGL target not found
Refreshing native plugins compatible for Editor in 92.00 ms, found 1 plugins.
Preloading 0 native plugins for Editor in 0.00 ms.
Invoked RoslynAnalysisRunner static constructor.
RoslynAnalysisRunner will not be running.
RoslynAnalysisRunner has terminated.
Mono: successfully reloaded assembly
- Completed reload, in  1.913 seconds
Platform modules already initialized, skipping
========================================================================
Worker process is ready to serve import requests
Launched and connected shader compiler UnityShaderCompiler.exe after 0.09 seconds
Refreshing native plugins compatible for Editor in 2.49 ms, found 1 plugins.
Preloading 0 native plugins for Editor in 0.00 ms.
Unloading 1496 Unused Serialized files (Serialized files now loaded: 0)
System memory in use before: 72.4 MB.
System memory in use after: 72.4 MB.

Unloading 183 unused Assets to reduce memory usage. Loaded Objects now: 1766.
Total: 3.630100 ms (FindLiveObjects: 0.527100 ms CreateObjectMapping: 0.163100 ms MarkObjects: 2.633100 ms  DeleteObjects: 0.303400 ms)

========================================================================
Received Import Request.
  path: Assets/ВЕРОСА-605-034-У1.prefab
  artifactKey: Guid(a2ee88b024716424a87feaf3414bc2c7) Importer(815301076,1909f56bfc062723c751e8b465ee728b)
Start importing Assets/ВЕРОСА-605-034-У1.prefab using Guid(a2ee88b024716424a87feaf3414bc2c7) Importer(815301076,1909f56bfc062723c751e8b465ee728b)  -> (artifact id: 'f55d4a99f8785dcdab9a07cf0991c2d6') in 6.659067 seconds
  Import took 6.791364 seconds .

========================================================================
Received Prepare
Refreshing native plugins compatible for Editor in 150.15 ms, found 1 plugins.
Preloading 0 native plugins for Editor in 0.00 ms.
Unloading 176 Unused Serialized files (Serialized files now loaded: 0)
System memory in use before: 56.4 MB.
System memory in use after: 56.4 MB.

Unloading 176 unused Assets to reduce memory usage. Loaded Objects now: 1809.
Total: 7.850400 ms (FindLiveObjects: 0.623600 ms CreateObjectMapping: 0.190100 ms MarkObjects: 6.769500 ms  DeleteObjects: 0.262600 ms)

========================================================================
Received Prepare
Registering precompiled user dll's ...
Registered in 0.058114 seconds.
Begin MonoManager ReloadAssembly

[2021/12/20 12:44:13] executing command io.getImportFormats
[2021/12/20 12:44:13] Command execution time : 0.000 s
Exception: Product not initialized
  at (wrapper managed-to-native) System.MonoCustomAttrs.GetCustomAttributesInternal(System.Reflection.ICustomAttributeProvider,System.Type,bool)
  at System.MonoCustomAttrs.GetCustomAttributesBase (System.Reflection.ICustomAttributeProvider obj, System.Type attributeType, System.Boolean inheritedOnly) [0x00013] in <eae584ce26bc40229c1b1aa476bfa589>:0 
  at System.MonoCustomAttrs.GetCustomAttributes (System.Reflection.ICustomAttributeProvider obj, System.Type attributeType, System.Boolean inherit) [0x00037] in <eae584ce26bc40229c1b1aa476bfa589>:0 
  at System.RuntimeType.GetCustomAttributes (System.Type attributeType, System.Boolean inherit) [0x00038] in <eae584ce26bc40229c1b1aa476bfa589>:0 
  at System.Attribute.GetCustomAttributes (System.Reflection.MemberInfo element, System.Type type, System.Boolean inherit) [0x00088] in <eae584ce26bc40229c1b1aa476bfa589>:0 
  at System.Attribute.GetCustomAttribute (System.Reflection.MemberInfo element, System.Type attributeType, System.Boolean inherit) [0x00000] in <eae584ce26bc40229c1b1aa476bfa589>:0 
  at System.Attribute.GetCustomAttribute (System.Reflection.MemberInfo element, System.Type attributeType) [0x00000] in <eae584ce26bc40229c1b1aa476bfa589>:0 
  at UnityEditor.AssetImporters.ScriptedImporter.RegisterScriptedImporters () [0x00018] in <c9b5231e365148a4bc210cc4e439206d>:0 

Native extension for WindowsStandalone target not found
Native extension for WebGL target not found
Refreshing native plugins compatible for Editor in 5.47 ms, found 1 plugins.
Preloading 0 native plugins for Editor in 0.00 ms.
Invoked RoslynAnalysisRunner static constructor.
RoslynAnalysisRunner will not be running.
RoslynAnalysisRunner has terminated.
[ScriptCompilation] NOT recompiling all scripts because this is an import worker process. Reason to compile was: Define symbols changed
Mono: successfully reloaded assembly
- Completed reload, in  3.658 seconds
Platform modules already initialized, skipping
Switching build target platform(5) subTarget(0) extendedPlatform(0) -> platform(13) subTarget(537395200) extendedPlatform(0)
Refreshing native plugins compatible for Editor in 5.74 ms, found 1 plugins.
Preloading 0 native plugins for Editor in 0.00 ms.
Unloading 1487 Unused Serialized files (Serialized files now loaded: 0)
System memory in use before: 82.1 MB.
System memory in use after: 82.2 MB.

Unloading 178 unused Assets to reduce memory usage. Loaded Objects now: 1812.
Total: 6.652700 ms (FindLiveObjects: 0.315400 ms CreateObjectMapping: 0.091000 ms MarkObjects: 6.061500 ms  DeleteObjects: 0.181800 ms)

AssetImportParameters requested are different than current active one (requested -> active):
  custom:graphics/normal-map-encoding: 01000000000000000000000000000000 -> 02000000000000000000000000000000
========================================================================
Received Prepare
Registering precompiled user dll's ...
Registered in 0.085840 seconds.
Begin MonoManager ReloadAssembly

[2021/12/20 12:44:25] executing command io.getImportFormats
[2021/12/20 12:44:25] Command execution time : 0.000 s
Exception: Product not initialized
  at (wrapper managed-to-native) System.MonoCustomAttrs.GetCustomAttributesInternal(System.Reflection.ICustomAttributeProvider,System.Type,bool)
  at System.MonoCustomAttrs.GetCustomAttributesBase (System.Reflection.ICustomAttributeProvider obj, System.Type attributeType, System.Boolean inheritedOnly) [0x00013] in <eae584ce26bc40229c1b1aa476bfa589>:0 
  at System.MonoCustomAttrs.GetCustomAttributes (System.Reflection.ICustomAttributeProvider obj, System.Type attributeType, System.Boolean inherit) [0x00037] in <eae584ce26bc40229c1b1aa476bfa589>:0 
  at System.RuntimeType.GetCustomAttributes (System.Type attributeType, System.Boolean inherit) [0x00038] in <eae584ce26bc40229c1b1aa476bfa589>:0 
  at System.Attribute.GetCustomAttributes (System.Reflection.MemberInfo element, System.Type type, System.Boolean inherit) [0x00088] in <eae584ce26bc40229c1b1aa476bfa589>:0 
  at System.Attribute.GetCustomAttribute (System.Reflection.MemberInfo element, System.Type attributeType, System.Boolean inherit) [0x00000] in <eae584ce26bc40229c1b1aa476bfa589>:0 
  at System.Attribute.GetCustomAttribute (System.Reflection.MemberInfo element, System.Type attributeType) [0x00000] in <eae584ce26bc40229c1b1aa476bfa589>:0 
  at UnityEditor.AssetImporters.ScriptedImporter.RegisterScriptedImporters () [0x00018] in <c9b5231e365148a4bc210cc4e439206d>:0 

Native extension for WindowsStandalone target not found
Native extension for WebGL target not found
Refreshing native plugins compatible for Editor in 2.97 ms, found 1 plugins.
Preloading 0 native plugins for Editor in 0.00 ms.
Invoked RoslynAnalysisRunner static constructor.
RoslynAnalysisRunner will not be running.
RoslynAnalysisRunner has terminated.
[ScriptCompilation] NOT recompiling all scripts because this is an import worker process. Reason to compile was: Define symbols changed
Mono: successfully reloaded assembly
- Completed reload, in  2.183 seconds
Platform modules already initialized, skipping
Switching build target platform(5) subTarget(0) extendedPlatform(0) -> platform(13) subTarget(537395200) extendedPlatform(0)
Refreshing native plugins compatible for Editor in 3.16 ms, found 1 plugins.
Preloading 0 native plugins for Editor in 0.00 ms.
Unloading 1487 Unused Serialized files (Serialized files now loaded: 0)
System memory in use before: 82.2 MB.
System memory in use after: 82.2 MB.

Unloading 178 unused Assets to reduce memory usage. Loaded Objects now: 1815.
Total: 3.386400 ms (FindLiveObjects: 0.325200 ms CreateObjectMapping: 0.102100 ms MarkObjects: 2.737100 ms  DeleteObjects: 0.219300 ms)

AssetImportParameters requested are different than current active one (requested -> active):
  custom:graphics/normal-map-encoding: 01000000000000000000000000000000 -> 02000000000000000000000000000000
========================================================================
Received Prepare
Switching build target platform(13) subTarget(537395200) extendedPlatform(0) -> platform(13) subTarget(524288) extendedPlatform(0)
Refreshing native plugins compatible for Editor in 108.85 ms, found 1 plugins.
Preloading 0 native plugins for Editor in 0.00 ms.
Unloading 176 Unused Serialized files (Serialized files now loaded: 0)
System memory in use before: 56.2 MB.
System memory in use after: 56.3 MB.

Unloading 176 unused Assets to reduce memory usage. Loaded Objects now: 1815.
Total: 3.910600 ms (FindLiveObjects: 0.370000 ms CreateObjectMapping: 0.128300 ms MarkObjects: 3.241300 ms  DeleteObjects: 0.168500 ms)

AssetImportParameters requested are different than current active one (requested -> active):
  buildTarget: platform 13, subtarget 524288, extendedPlatform 0 -> platform 13, subtarget 537395200, extendedPlatform 0
  graphicsApiMask: 2048 -> 2099200
========================================================================
Received Import Request.
  Time since last request: 1267.757376 seconds.
  path: Assets/ВЕРОСА-605-034-У1.prefab
  artifactKey: Guid(a2ee88b024716424a87feaf3414bc2c7) Importer(815301076,1909f56bfc062723c751e8b465ee728b)
Start importing Assets/ВЕРОСА-605-034-У1.prefab using Guid(a2ee88b024716424a87feaf3414bc2c7) Importer(815301076,1909f56bfc062723c751e8b465ee728b)  -> (artifact id: '174b8121d3e09809197152518add6b93') in 6.257146 seconds
  Import took 6.341903 seconds .

========================================================================
Received Prepare
Registering precompiled user dll's ...
Registered in 9.752812 seconds.
Begin MonoManager ReloadAssembly

[2021/12/20 13:05:26] executing command io.getImportFormats
[2021/12/20 13:05:26] Command execution time : 0.000 s
Exception: Product not initialized
  at (wrapper managed-to-native) System.MonoCustomAttrs.GetCustomAttributesInternal(System.Reflection.ICustomAttributeProvider,System.Type,bool)
  at System.MonoCustomAttrs.GetCustomAttributesBase (System.Reflection.ICustomAttributeProvider obj, System.Type attributeType, System.Boolean inheritedOnly) [0x00013] in <eae584ce26bc40229c1b1aa476bfa589>:0 
  at System.MonoCustomAttrs.GetCustomAttributes (System.Reflection.ICustomAttributeProvider obj, System.Type attributeType, System.Boolean inherit) [0x00037] in <eae584ce26bc40229c1b1aa476bfa589>:0 
  at System.RuntimeType.GetCustomAttributes (System.Type attributeType, System.Boolean inherit) [0x00038] in <eae584ce26bc40229c1b1aa476bfa589>:0 
  at System.Attribute.GetCustomAttributes (System.Reflection.MemberInfo element, System.Type type, System.Boolean inherit) [0x00088] in <eae584ce26bc40229c1b1aa476bfa589>:0 
  at System.Attribute.GetCustomAttribute (System.Reflection.MemberInfo element, System.Type attributeType, System.Boolean inherit) [0x00000] in <eae584ce26bc40229c1b1aa476bfa589>:0 
  at System.Attribute.GetCustomAttribute (System.Reflection.MemberInfo element, System.Type attributeType) [0x00000] in <eae584ce26bc40229c1b1aa476bfa589>:0 
  at UnityEditor.AssetImporters.ScriptedImporter.RegisterScriptedImporters () [0x00018] in <c9b5231e365148a4bc210cc4e439206d>:0 

Native extension for WindowsStandalone target not found
Native extension for WebGL target not found
Refreshing native plugins compatible for Editor in 2.96 ms, found 1 plugins.
Preloading 0 native plugins for Editor in 0.00 ms.
Invoked RoslynAnalysisRunner static constructor.
RoslynAnalysisRunner will not be running.
RoslynAnalysisRunner has terminated.
[ScriptCompilation] NOT recompiling all scripts because this is an import worker process. Reason to compile was: Define symbols changed
Mono: successfully reloaded assembly
- Completed reload, in 17.667 seconds
Platform modules already initialized, skipping
Switching build target platform(5) subTarget(0) extendedPlatform(0) -> platform(13) subTarget(524288) extendedPlatform(0)
Refreshing native plugins compatible for Editor in 7.79 ms, found 1 plugins.
Preloading 0 native plugins for Editor in 0.00 ms.
Unloading 1764 Unused Serialized files (Serialized files now loaded: 0)
System memory in use before: 91.2 MB.
System memory in use after: 91.3 MB.

Unloading 178 unused Assets to reduce memory usage. Loaded Objects now: 2097.
Total: 55.483900 ms (FindLiveObjects: 1.007600 ms CreateObjectMapping: 0.309400 ms MarkObjects: 52.950700 ms  DeleteObjects: 1.208500 ms)

AssetImportParameters requested are different than current active one (requested -> active):
  buildTarget: platform 13, subtarget 524288, extendedPlatform 0 -> platform 13, subtarget 537395200, extendedPlatform 0
  graphicsApiMask: 2048 -> 2099200
  custom:graphics/normal-map-encoding: 01000000000000000000000000000000 -> 02000000000000000000000000000000
========================================================================
Received Prepare
Registering precompiled user dll's ...
Registered in 2.696588 seconds.
Begin MonoManager ReloadAssembly

[2021/12/20 13:06:57] executing command io.getImportFormats
[2021/12/20 13:06:57] Command execution time : 0.000 s
Exception: Product not initialized
  at (wrapper managed-to-native) System.MonoCustomAttrs.GetCustomAttributesInternal(System.Reflection.ICustomAttributeProvider,System.Type,bool)
  at System.MonoCustomAttrs.GetCustomAttributesBase (System.Reflection.ICustomAttributeProvider obj, System.Type attributeType, System.Boolean inheritedOnly) [0x00013] in <eae584ce26bc40229c1b1aa476bfa589>:0 
  at System.MonoCustomAttrs.GetCustomAttributes (System.Reflection.ICustomAttributeProvider obj, System.Type attributeType, System.Boolean inherit) [0x00037] in <eae584ce26bc40229c1b1aa476bfa589>:0 
  at System.RuntimeType.GetCustomAttributes (System.Type attributeType, System.Boolean inherit) [0x00038] in <eae584ce26bc40229c1b1aa476bfa589>:0 
  at System.Attribute.GetCustomAttributes (System.Reflection.MemberInfo element, System.Type type, System.Boolean inherit) [0x00088] in <eae584ce26bc40229c1b1aa476bfa589>:0 
  at System.Attribute.GetCustomAttribute (System.Reflection.MemberInfo element, System.Type attributeType, System.Boolean inherit) [0x00000] in <eae584ce26bc40229c1b1aa476bfa589>:0 
  at System.Attribute.GetCustomAttribute (System.Reflection.MemberInfo element, System.Type attributeType) [0x00000] in <eae584ce26bc40229c1b1aa476bfa589>:0 
  at UnityEditor.AssetImporters.ScriptedImporter.RegisterScriptedImporters () [0x00018] in <c9b5231e365148a4bc210cc4e439206d>:0 

Native extension for WindowsStandalone target not found
Native extension for WebGL target not found
Refreshing native plugins compatible for Editor in 4.05 ms, found 1 plugins.
Preloading 0 native plugins for Editor in 0.00 ms.
Invoked RoslynAnalysisRunner static constructor.
RoslynAnalysisRunner will not be running.
RoslynAnalysisRunner has terminated.
[ScriptCompilation] NOT recompiling all scripts because this is an import worker process. Reason to compile was: Define symbols changed
Mono: successfully reloaded assembly
- Completed reload, in  3.944 seconds
Platform modules already initialized, skipping
Switching build target platform(5) subTarget(0) extendedPlatform(0) -> platform(13) subTarget(524288) extendedPlatform(0)
Refreshing native plugins compatible for Editor in 7.99 ms, found 1 plugins.
Preloading 0 native plugins for Editor in 0.00 ms.
Unloading 1774 Unused Serialized files (Serialized files now loaded: 0)
System memory in use before: 91.4 MB.
System memory in use after: 91.5 MB.

Unloading 179 unused Assets to reduce memory usage. Loaded Objects now: 2111.
Total: 5.996800 ms (FindLiveObjects: 0.505000 ms CreateObjectMapping: 0.249700 ms MarkObjects: 5.031500 ms  DeleteObjects: 0.207100 ms)

AssetImportParameters requested are different than current active one (requested -> active):
  buildTarget: platform 13, subtarget 524288, extendedPlatform 0 -> platform 13, subtarget 537395200, extendedPlatform 0
  graphicsApiMask: 2048 -> 2099200
  custom:graphics/normal-map-encoding: 01000000000000000000000000000000 -> 02000000000000000000000000000000
========================================================================
Received Prepare
Registering precompiled user dll's ...
Registered in 2.841945 seconds.
Begin MonoManager ReloadAssembly

[2021/12/20 13:27:28] executing command io.getImportFormats
[2021/12/20 13:27:28] Command execution time : 0.000 s
Exception: Product not initialized
  at (wrapper managed-to-native) System.MonoCustomAttrs.GetCustomAttributesInternal(System.Reflection.ICustomAttributeProvider,System.Type,bool)
  at System.MonoCustomAttrs.GetCustomAttributesBase (System.Reflection.ICustomAttributeProvider obj, System.Type attributeType, System.Boolean inheritedOnly) [0x00013] in <eae584ce26bc40229c1b1aa476bfa589>:0 
  at System.MonoCustomAttrs.GetCustomAttributes (System.Reflection.ICustomAttributeProvider obj, System.Type attributeType, System.Boolean inherit) [0x00037] in <eae584ce26bc40229c1b1aa476bfa589>:0 
  at System.RuntimeType.GetCustomAttributes (System.Type attributeType, System.Boolean inherit) [0x00038] in <eae584ce26bc40229c1b1aa476bfa589>:0 
  at System.Attribute.GetCustomAttributes (System.Reflection.MemberInfo element, System.Type type, System.Boolean inherit) [0x00088] in <eae584ce26bc40229c1b1aa476bfa589>:0 
  at System.Attribute.GetCustomAttribute (System.Reflection.MemberInfo element, System.Type attributeType, System.Boolean inherit) [0x00000] in <eae584ce26bc40229c1b1aa476bfa589>:0 
  at System.Attribute.GetCustomAttribute (System.Reflection.MemberInfo element, System.Type attributeType) [0x00000] in <eae584ce26bc40229c1b1aa476bfa589>:0 
  at UnityEditor.AssetImporters.ScriptedImporter.RegisterScriptedImporters () [0x00018] in <c9b5231e365148a4bc210cc4e439206d>:0 

Native extension for WindowsStandalone target not found
Native extension for WebGL target not found
Refreshing native plugins compatible for Editor in 9.42 ms, found 1 plugins.
Preloading 0 native plugins for Editor in 0.00 ms.
Invoked RoslynAnalysisRunner static constructor.
RoslynAnalysisRunner will not be running.
RoslynAnalysisRunner has terminated.
[ScriptCompilation] NOT recompiling all scripts because this is an import worker process. Reason to compile was: Define symbols changed
Mono: successfully reloaded assembly
- Completed reload, in  8.341 seconds
Platform modules already initialized, skipping
Switching build target platform(5) subTarget(0) extendedPlatform(0) -> platform(13) subTarget(524288) extendedPlatform(0)
Refreshing native plugins compatible for Editor in 6.96 ms, found 1 plugins.
Preloading 0 native plugins for Editor in 0.00 ms.
Unloading 1819 Unused Serialized files (Serialized files now loaded: 0)
System memory in use before: 92.7 MB.
System memory in use after: 92.8 MB.

Unloading 180 unused Assets to reduce memory usage. Loaded Objects now: 2159.
Total: 757.069700 ms (FindLiveObjects: 64.806000 ms CreateObjectMapping: 0.507000 ms MarkObjects: 665.543700 ms  DeleteObjects: 26.208800 ms)

AssetImportParameters requested are different than current active one (requested -> active):
  buildTarget: platform 13, subtarget 524288, extendedPlatform 0 -> platform 13, subtarget 537395200, extendedPlatform 0
  graphicsApiMask: 2048 -> 2099200
  custom:graphics/normal-map-encoding: 01000000000000000000000000000000 -> 02000000000000000000000000000000
========================================================================
Received Prepare
Refreshing native plugins compatible for Editor in 29220.91 ms, found 1 plugins.
Preloading 0 native plugins for Editor in 0.00 ms.
Unloading 177 Unused Serialized files (Serialized files now loaded: 0)
System memory in use before: 60.0 MB.
System memory in use after: 60.0 MB.

Unloading 177 unused Assets to reduce memory usage. Loaded Objects now: 2159.
Total: 7792.092200 ms (FindLiveObjects: 0.711100 ms CreateObjectMapping: 0.282300 ms MarkObjects: 7790.230900 ms  DeleteObjects: 0.860900 ms)

========================================================================
Received Prepare
Refreshing native plugins compatible for Editor in 6031.78 ms, found 1 plugins.
Preloading 0 native plugins for Editor in 0.00 ms.
Unloading 177 Unused Serialized files (Serialized files now loaded: 0)
System memory in use before: 60.0 MB.
System memory in use after: 60.0 MB.

Unloading 177 unused Assets to reduce memory usage. Loaded Objects now: 2159.
Total: 662.652000 ms (FindLiveObjects: 11.746800 ms CreateObjectMapping: 0.296400 ms MarkObjects: 649.852100 ms  DeleteObjects: 0.740200 ms)

